  BetterPassenger.cpp
H:\Projects\Project 7 - C++\DSA-PathFinding\UtilitarianAirlines\UtilitarianAirlines\Algorithms\Passenger.h(70,54): warning C4244: 'argument': conversion from 'double' to 'int', possible loss of data
H:\Projects\Project 7 - C++\DSA-PathFinding\UtilitarianAirlines\UtilitarianAirlines\Algorithms\Passenger.h(71,54): warning C4244: 'argument': conversion from 'double' to 'int', possible loss of data
H:\Projects\Project 7 - C++\DSA-PathFinding\UtilitarianAirlines\UtilitarianAirlines\Algorithms\Passenger.h(72,54): warning C4244: 'argument': conversion from 'double' to 'int', possible loss of data
  BetterPlane.cpp
H:\Projects\Project 7 - C++\DSA-PathFinding\UtilitarianAirlines\UtilitarianAirlines\Algorithms\Passenger.h(70,54): warning C4244: 'argument': conversion from 'double' to 'int', possible loss of data
H:\Projects\Project 7 - C++\DSA-PathFinding\UtilitarianAirlines\UtilitarianAirlines\Algorithms\Passenger.h(71,54): warning C4244: 'argument': conversion from 'double' to 'int', possible loss of data
H:\Projects\Project 7 - C++\DSA-PathFinding\UtilitarianAirlines\UtilitarianAirlines\Algorithms\Passenger.h(72,54): warning C4244: 'argument': conversion from 'double' to 'int', possible loss of data
H:\Projects\Project 7 - C++\DSA-PathFinding\UtilitarianAirlines\UtilitarianAirlines\Algorithms\Plane.h(161,55): warning C4244: 'argument': conversion from 'double' to 'int', possible loss of data
H:\Projects\Project 7 - C++\DSA-PathFinding\UtilitarianAirlines\UtilitarianAirlines\Algorithms\Plane.h(161,103): warning C4244: 'argument': conversion from 'double' to 'int', possible loss of data
  uaCanvas.cpp
  uaConstants.cpp
H:\Projects\Project 7 - C++\DSA-PathFinding\UtilitarianAirlines\UtilitarianAirlines\Algorithms\Passenger.h(70,54): warning C4244: 'argument': conversion from 'double' to 'int', possible loss of data
H:\Projects\Project 7 - C++\DSA-PathFinding\UtilitarianAirlines\UtilitarianAirlines\Algorithms\Passenger.h(71,54): warning C4244: 'argument': conversion from 'double' to 'int', possible loss of data
H:\Projects\Project 7 - C++\DSA-PathFinding\UtilitarianAirlines\UtilitarianAirlines\Algorithms\Passenger.h(72,54): warning C4244: 'argument': conversion from 'double' to 'int', possible loss of data
H:\Projects\Project 7 - C++\DSA-PathFinding\UtilitarianAirlines\UtilitarianAirlines\Algorithms\Plane.h(161,55): warning C4244: 'argument': conversion from 'double' to 'int', possible loss of data
H:\Projects\Project 7 - C++\DSA-PathFinding\UtilitarianAirlines\UtilitarianAirlines\Algorithms\Plane.h(161,103): warning C4244: 'argument': conversion from 'double' to 'int', possible loss of data
  uaGlobals.cpp
  uaID.cpp
  uaMethods.cpp
  uaApp.cpp
  uaMain.cpp
  uaMainMenu.cpp
  uaReg.cpp
  uaSeat.cpp
  Generating Code...
  UtilitarianAirlines.vcxproj -> H:\Projects\Project 7 - C++\DSA-PathFinding\UtilitarianAirlines\Debug\UtilitarianAirlines.exe
